WARN: no SMS provider is enabled. Disabling phone login
Connecting to remote database...
Do you want to push these migrations to the remote database?
 • 20260628000000_phone_verification_codes.sql

 [Y/n] 
Applying migration 20260628000000_phone_verification_codes.sql...
NOTICE (00000): table "phone_verification_codes" does not exist, skipping
ERROR: relation "public.profiles" does not exist (SQLSTATE 42P01)
At statement: 3                                                  
CREATE TABLE IF NOT EXISTS public.account_purchases (            
  id UUID PRIMARY KEY DEFAULT gen_random_uuid(),                 
  user_id UUID REFERENCES public.profiles(id) ON DELETE CASCADE, 
  tier_id UUID REFERENCES public.account_tiers(id),              
  amount_paid INTEGER NOT NULL,                                  
  payment_reference TEXT UNIQUE NOT NULL,                        
  provider_reference TEXT,                                       
  verified_at TIMESTAMP WITH TIME ZONE,                          
  status TEXT DEFAULT 'pending',                                 
  created_at TIMESTAMP WITH TIME ZONE DEFAULT NOW()              
)                                                                
Try rerunning the command with --debug to troubleshoot the error.
